<?xml version="1.0" encoding="UTF-8"?>
<!-- Generated by org.testng.reporters.JUnitXMLReporter -->
<testsuite ignored="0" hostname="MSREDDY" failures="0" tests="6" name="test" time="8.316" errors="0" timestamp="2023-07-12T11:47:10 IST">
  <testcase classname="TestNg.TestNg1" name="OpenFacebook" time="4.286"/>
  <testcase classname="TestNg.TestNg1" name="OpenGoogle" time="3.932"/>
  <testcase classname="TestNg.TestNg2" name="TestMethod" time="0.014"/>
  <testcase classname="TestNg.TestNg2" name="TestMethod2" time="0.0"/>
  <testcase classname="TestNg.TestNg2" name="TestMethod3" time="0.002"/>
  <testcase classname="TestNg.TestNg2" name="TestMethod4" time="0.0"/>
</testsuite> <!-- test -->
