<?xml version="1.0" encoding="UTF-8"?>
<testng-results ignored="0" total="6" passed="6" failed="0" skipped="0">
  <reporter-output>
  </reporter-output>
  <suite started-at="2023-07-12T11:47:02 IST" name="suite" finished-at="2023-07-12T11:47:10 IST" duration-ms="8316">
    <groups>
    </groups>
    <test started-at="2023-07-12T11:47:02 IST" name="test" finished-at="2023-07-12T11:47:10 IST" duration-ms="8316">
      <class name="TestNg.TestNg2">
        <test-method signature="TestMethod()[pri:0, instance:TestNg.TestNg2@4d154ccd]" started-at="2023-07-12T11:47:10 IST" name="TestMethod" finished-at="2023-07-12T11:47:10 IST" duration-ms="14" status="PASS">
          <reporter-output>
          </reporter-output>
        </test-method> <!-- TestMethod -->
        <test-method signature="TestMethod2()[pri:0, instance:TestNg.TestNg2@4d154ccd]" started-at="2023-07-12T11:47:10 IST" name="TestMethod2" finished-at="2023-07-12T11:47:10 IST" duration-ms="0" status="PASS">
          <reporter-output>
          </reporter-output>
        </test-method> <!-- TestMethod2 -->
        <test-method signature="TestMethod3()[pri:0, instance:TestNg.TestNg2@4d154ccd]" started-at="2023-07-12T11:47:10 IST" name="TestMethod3" finished-at="2023-07-12T11:47:10 IST" duration-ms="2" status="PASS">
          <reporter-output>
          </reporter-output>
        </test-method> <!-- TestMethod3 -->
        <test-method signature="TestMethod4()[pri:0, instance:TestNg.TestNg2@4d154ccd]" started-at="2023-07-12T11:47:10 IST" name="TestMethod4" finished-at="2023-07-12T11:47:10 IST" duration-ms="0" status="PASS">
          <reporter-output>
          </reporter-output>
        </test-method> <!-- TestMethod4 -->
      </class> <!-- TestNg.TestNg2 -->
      <class name="TestNg.TestNg1">
        <test-method signature="OpenFacebook()[pri:0, instance:TestNg.TestNg1@60bd273d]" started-at="2023-07-12T11:47:02 IST" name="OpenFacebook" finished-at="2023-07-12T11:47:06 IST" duration-ms="4286" status="PASS">
          <reporter-output>
          </reporter-output>
        </test-method> <!-- OpenFacebook -->
        <test-method signature="OpenGoogle()[pri:0, instance:TestNg.TestNg1@60bd273d]" started-at="2023-07-12T11:47:06 IST" name="OpenGoogle" finished-at="2023-07-12T11:47:10 IST" duration-ms="3932" status="PASS">
          <reporter-output>
          </reporter-output>
        </test-method> <!-- OpenGoogle -->
      </class> <!-- TestNg.TestNg1 -->
    </test> <!-- test -->
  </suite> <!-- suite -->
</testng-results>
